Using pre-set license
Built from '2022.3/staging' branch; Version is '2022.3.16f1 (d2c21f0ef2f1) revision 13812255'; Using compiler version '192829333'; Build Type 'Release'
OS: 'Windows 11  (10.0.22621) 64bit Professional' Language: 'tr' Physical Memory: 32454 MB
BatchMode: 1, IsHumanControllingUs: 0, StartBugReporterOnCrash: 0, Is64bit: 1, IsPro: 1

COMMAND LINE ARGUMENTS:
C:\Program Files\Unity\Hub\Editor\2022.3.16f1\Editor\Unity.exe
-adb2
-batchMode
-noUpm
-name
AssetImportWorker4
-projectPath
C:/Users/fatih_o5pu0lo/Desktop/Uretken_Akademi_Unity/Unity-Egitim1/My project
-logFile
Logs/AssetImportWorker4.log
-srvPort
53177
Successfully changed project path to: C:/Users/fatih_o5pu0lo/Desktop/Uretken_Akademi_Unity/Unity-Egitim1/My project
C:/Users/fatih_o5pu0lo/Desktop/Uretken_Akademi_Unity/Unity-Egitim1/My project
[UnityMemory] Configuration Parameters - Can be set up in boot.config
    "memorysetup-bucket-allocator-granularity=16"
    "memorysetup-bucket-allocator-bucket-count=8"
    "memorysetup-bucket-allocator-block-size=33554432"
    "memorysetup-bucket-allocator-block-count=8"
    "memorysetup-main-allocator-block-size=16777216"
    "memorysetup-thread-allocator-block-size=16777216"
    "memorysetup-gfx-main-allocator-block-size=16777216"
    "memorysetup-gfx-thread-allocator-block-size=16777216"
    "memorysetup-cache-allocator-block-size=4194304"
    "memorysetup-typetree-allocator-block-size=2097152"
    "memorysetup-profiler-bucket-allocator-granularity=16"
    "memorysetup-profiler-bucket-allocator-bucket-count=8"
    "memorysetup-profiler-bucket-allocator-block-size=33554432"
    "memorysetup-profiler-bucket-allocator-block-count=8"
    "memorysetup-profiler-allocator-block-size=16777216"
    "memorysetup-profiler-editor-allocator-block-size=1048576"
    "memorysetup-temp-allocator-size-main=16777216"
    "memorysetup-job-temp-allocator-block-size=2097152"
    "memorysetup-job-temp-allocator-block-size-background=1048576"
    "memorysetup-job-temp-allocator-reduction-small-platforms=262144"
    "memorysetup-allocator-temp-initial-block-size-main=262144"
    "memorysetup-allocator-temp-initial-block-size-worker=262144"
    "memorysetup-temp-allocator-size-background-worker=32768"
    "memorysetup-temp-allocator-size-job-worker=262144"
    "memorysetup-temp-allocator-size-preload-manager=33554432"
    "memorysetup-temp-allocator-size-nav-mesh-worker=65536"
    "memorysetup-temp-allocator-size-audio-worker=65536"
    "memorysetup-temp-allocator-size-cloud-worker=32768"
    "memorysetup-temp-allocator-size-gi-baking-worker=262144"
    "memorysetup-temp-allocator-size-gfx=262144"
Player connection [26564] Host "[IP] 192.168.1.50 [Port] 0 [Flags] 2 [Guid] 2435557337 [EditorId] 2435557337 [Version] 1048832 [Id] WindowsEditor(7,Fatih) [Debug] 1 [PackageName] WindowsEditor [ProjectName] Editor" joined multi-casting on [225.0.0.222:54997]...

Player connection [26564] Host "[IP] 192.168.1.50 [Port] 0 [Flags] 2 [Guid] 2435557337 [EditorId] 2435557337 [Version] 1048832 [Id] WindowsEditor(7,Fatih) [Debug] 1 [PackageName] WindowsEditor [ProjectName] Editor" joined alternative multi-casting on [225.0.0.222:34997]...

[Physics::Module] Initialized MultithreadedJobDispatcher with 19 workers.
Refreshing native plugins compatible for Editor in 4.32 ms, found 3 plugins.
Preloading 0 native plugins for Editor in 0.00 ms.
Initialize engine version: 2022.3.16f1 (d2c21f0ef2f1)
[Subsystems] Discovering subsystems at path C:/Program Files/Unity/Hub/Editor/2022.3.16f1/Editor/Data/Resources/UnitySubsystems
[Subsystems] Discovering subsystems at path C:/Users/fatih_o5pu0lo/Desktop/Uretken_Akademi_Unity/Unity-Egitim1/My project/Assets
GfxDevice: creating device client; threaded=0; jobified=0
Direct3D:
    Version:  Direct3D 11.0 [level 11.1]
    Renderer: NVIDIA GeForce RTX 4060 Laptop GPU (ID=0x28a0)
    Vendor:   NVIDIA
    VRAM:     7971 MB
    Driver:   31.0.15.2758
Initialize mono
Mono path[0] = 'C:/Program Files/Unity/Hub/Editor/2022.3.16f1/Editor/Data/Managed'
Mono path[1] = 'C:/Program Files/Unity/Hub/Editor/2022.3.16f1/Editor/Data/MonoBleedingEdge/lib/mono/unityjit-win32'
Mono config path = 'C:/Program Files/Unity/Hub/Editor/2022.3.16f1/Editor/Data/MonoBleedingEdge/etc'
Using monoOptions --debugger-agent=transport=dt_socket,embedding=1,server=y,suspend=n,address=127.0.0.1:56348
Begin MonoManager ReloadAssembly
Registering precompiled unity dll's ...
Register platform support module: C:/Program Files/Unity/Hub/Editor/2022.3.16f1/Editor/Data/PlaybackEngines/WebGLSupport/UnityEditor.WebGL.Extensions.dll
Register platform support module: C:/Program Files/Unity/Hub/Editor/2022.3.16f1/Editor/Data/PlaybackEngines/AndroidPlayer/UnityEditor.Android.Extensions.dll
Register platform support module: C:/Program Files/Unity/Hub/Editor/2022.3.16f1/Editor/Data/PlaybackEngines/WindowsStandaloneSupport/UnityEditor.WindowsStandalone.Extensions.dll
Registered in 0.004692 seconds.
- Loaded All Assemblies, in  0.233 seconds
Native extension for WindowsStandalone target not found
Native extension for Android target not found
Android Extension - Scanning For ADB Devices 171 ms
Native extension for WebGL target not found
Mono: successfully reloaded assembly
- Finished resetting the current domain, in  0.397 seconds
Domain Reload Profiling: 630ms
	BeginReloadAssembly (72ms)
		ExecutionOrderSort (0ms)
		DisableScriptedObjects (0ms)
		BackupInstance (0ms)
		ReleaseScriptingObjects (0ms)
		CreateAndSetChildDomain (1ms)
	RebuildCommonClasses (22ms)
	RebuildNativeTypeToScriptingClass (7ms)
	initialDomainReloadingComplete (37ms)
	LoadAllAssembliesAndSetupDomain (94ms)
		LoadAssemblies (72ms)
		RebuildTransferFunctionScriptingTraits (0ms)
		AnalyzeDomain (93ms)
			TypeCache.Refresh (92ms)
				TypeCache.ScanAssembly (82ms)
			ScanForSourceGeneratedMonoScriptInfo (0ms)
			ResolveRequiredComponents (0ms)
	FinalizeReload (397ms)
		ReleaseScriptCaches (0ms)
		RebuildScriptCaches (0ms)
		SetupLoadedEditorAssemblies (354ms)
			LogAssemblyErrors (0ms)
			InitializePlatformSupportModulesInManaged (246ms)
			SetLoadedEditorAssemblies (3ms)
			RefreshPlugins (0ms)
			BeforeProcessingInitializeOnLoad (1ms)
			ProcessInitializeOnLoadAttributes (75ms)
			ProcessInitializeOnLoadMethodAttributes (29ms)
			AfterProcessingInitializeOnLoad (0ms)
			EditorAssembliesLoaded (0ms)
		ExecutionOrderSort2 (0ms)
		AwakeInstancesAfterBackupRestoration (0ms)
========================================================================
Worker process is ready to serve import requests
Begin MonoManager ReloadAssembly
- Loaded All Assemblies, in  0.397 seconds
Refreshing native plugins compatible for Editor in 1.65 ms, found 3 plugins.
Native extension for WindowsStandalone target not found
Native extension for Android target not found
Native extension for WebGL target not found
Package Manager log level set to [2]
[Package Manager] Server::EnsureServerProcessIsRunning -- launch failed, reason: Unity was launched with the -noUpm command-line argument
[Package Manager] UpmClient::Send -- Unable to send message (not connected to UPM process).
[Package Manager] Cannot connect to Unity Package Manager local server
Mono: successfully reloaded assembly
- Finished resetting the current domain, in  0.378 seconds
Domain Reload Profiling: 774ms
	BeginReloadAssembly (99ms)
		ExecutionOrderSort (0ms)
		DisableScriptedObjects (3ms)
		BackupInstance (0ms)
		ReleaseScriptingObjects (0ms)
		CreateAndSetChildDomain (16ms)
	RebuildCommonClasses (21ms)
	RebuildNativeTypeToScriptingClass (6ms)
	initialDomainReloadingComplete (26ms)
	LoadAllAssembliesAndSetupDomain (243ms)
		LoadAssemblies (189ms)
		RebuildTransferFunctionScriptingTraits (0ms)
		AnalyzeDomain (112ms)
			TypeCache.Refresh (98ms)
				TypeCache.ScanAssembly (87ms)
			ScanForSourceGeneratedMonoScriptInfo (10ms)
			ResolveRequiredComponents (2ms)
	FinalizeReload (378ms)
		ReleaseScriptCaches (0ms)
		RebuildScriptCaches (0ms)
		SetupLoadedEditorAssemblies (276ms)
			LogAssemblyErrors (0ms)
			InitializePlatformSupportModulesInManaged (16ms)
			SetLoadedEditorAssemblies (4ms)
			RefreshPlugins (0ms)
			BeforeProcessingInitializeOnLoad (39ms)
			ProcessInitializeOnLoadAttributes (202ms)
			ProcessInitializeOnLoadMethodAttributes (13ms)
			AfterProcessingInitializeOnLoad (3ms)
			EditorAssembliesLoaded (0ms)
		ExecutionOrderSort2 (0ms)
		AwakeInstancesAfterBackupRestoration (4ms)
Launched and connected shader compiler UnityShaderCompiler.exe after 0.03 seconds
Refreshing native plugins compatible for Editor in 1.41 ms, found 3 plugins.
Preloading 0 native plugins for Editor in 0.00 ms.
Unloading 3085 Unused Serialized files (Serialized files now loaded: 0)
Unloading 32 unused Assets / (58.1 KB). Loaded Objects now: 3550.
Memory consumption went from 132.1 MB to 132.0 MB.
Total: 2.950400 ms (FindLiveObjects: 0.174200 ms CreateObjectMapping: 0.055100 ms MarkObjects: 2.611500 ms  DeleteObjects: 0.108900 ms)

AssetImportParameters requested are different than current active one (requested -> active):
  custom:container-demuxer-ogg: 62fdf1f143b41e24485cea50d1cbac27 -> 
  custom:video-codec-MediaFoundation-h265: 746d11721c4dcdbdad8f713fa42b33f4 -> 
  custom:video-decoder-ogg-theora: a1e56fd34408186e4bbccfd4996cb3dc -> 
  custom:framework-win-MediaFoundation: 216162199b28c13a410421893ffa2e32 -> 
  custom:CustomObjectIndexerAttribute: 43b350a4d6e6d1791af0b5038c4bea17 -> 
  custom:container-demuxer-webm: 4f35f7cbe854078d1ac9338744f61a02 -> 
  custom:container-muxer-webm: aa71ff27fc2769a1b78a27578f13a17b -> 
  custom:video-decoder-webm-vp8: 9c59270c3fd7afecdb556c50c9e8de78 -> 
  custom:SearchIndexIgnoredProperties: e643bd26f0fe6173181afceb89e7c659 -> 
  custom:AudioImporter_EditorPlatform: d09bf68614088b80899f8185d706f6e7 -> 
  custom:video-encoder-webm-vp8: eb34c28f22e8b96e1ab97ce403110664 -> 
  custom:audio-decoder-ogg-vorbis: bf7c407c2cedff20999df2af8eb42d56 -> 
  custom:audio-encoder-webm-vorbis: bf7c407c2cedff20999df2af8eb42d56 -> 
========================================================================
Received Import Request.
  Time since last request: 72152.630596 seconds.
  path: Assets/Simple Modular Dungeon/Prefabs/Props/Barrel Parent 001.prefab
  artifactKey: Guid(a4140530cfba26e4f88f22ea8174b6f4) Importer(815301076,1909f56bfc062723c751e8b465ee728b)
Start importing Assets/Simple Modular Dungeon/Prefabs/Props/Barrel Parent 001.prefab using Guid(a4140530cfba26e4f88f22ea8174b6f4) Importer(815301076,1909f56bfc062723c751e8b465ee728b)  -> (artifact id: '03b0e3b61eb52c97c96f348086c90033') in 0.115394 seconds
Number of updated asset objects reloaded before import = 0
Number of asset objects unloaded after import = 22
========================================================================
Received Import Request.
  Time since last request: 0.000021 seconds.
  path: Assets/Simple Modular Dungeon/Prefabs/Props/Empty Bookshelf Parent 001.prefab
  artifactKey: Guid(cc4abe4a46c96ff4dba4cda6f58f0ad1) Importer(815301076,1909f56bfc062723c751e8b465ee728b)
Start importing Assets/Simple Modular Dungeon/Prefabs/Props/Empty Bookshelf Parent 001.prefab using Guid(cc4abe4a46c96ff4dba4cda6f58f0ad1) Importer(815301076,1909f56bfc062723c751e8b465ee728b)  -> (artifact id: '9bb0d51ff9bbcc5298e3edec79fa0448') in 0.034040 seconds
Number of updated asset objects reloaded before import = 0
Number of asset objects unloaded after import = 16
========================================================================
Received Import Request.
  Time since last request: 0.000027 seconds.
  path: Assets/Simple Modular Dungeon/Prefabs/Props/Metal Grate Parent 001.prefab
  artifactKey: Guid(05b70bb637c1de5458361cdbe2cab1a2) Importer(815301076,1909f56bfc062723c751e8b465ee728b)
Start importing Assets/Simple Modular Dungeon/Prefabs/Props/Metal Grate Parent 001.prefab using Guid(05b70bb637c1de5458361cdbe2cab1a2) Importer(815301076,1909f56bfc062723c751e8b465ee728b)  -> (artifact id: '64d9ceacd0ddeaa4102f3d8af1f05dd3') in 0.024535 seconds
Number of updated asset objects reloaded before import = 0
Number of asset objects unloaded after import = 16
========================================================================
Received Import Request.
  Time since last request: 0.000016 seconds.
  path: Assets/Simple Modular Dungeon/Prefabs/Props/Podium Parent 002.prefab
  artifactKey: Guid(81eb8b1343d137446b9f06b4201681b3) Importer(815301076,1909f56bfc062723c751e8b465ee728b)
Start importing Assets/Simple Modular Dungeon/Prefabs/Props/Podium Parent 002.prefab using Guid(81eb8b1343d137446b9f06b4201681b3) Importer(815301076,1909f56bfc062723c751e8b465ee728b)  -> (artifact id: '1dad217b91f2bd9e17a866f324640f53') in 0.021862 seconds
Number of updated asset objects reloaded before import = 0
Number of asset objects unloaded after import = 16
========================================================================
Received Import Request.
  Time since last request: 5.429298 seconds.
  path: Assets/Simple Modular Dungeon/Prefabs/Particle Systems/Chest/Chest Particle.prefab
  artifactKey: Guid(237af5e05f68e5d418e1c0067027f586) Importer(815301076,1909f56bfc062723c751e8b465ee728b)
Start importing Assets/Simple Modular Dungeon/Prefabs/Particle Systems/Chest/Chest Particle.prefab using Guid(237af5e05f68e5d418e1c0067027f586) Importer(815301076,1909f56bfc062723c751e8b465ee728b)  -> (artifact id: '6b177e28c34780186578862935ffb37f') in 0.087647 seconds
Number of updated asset objects reloaded before import = 0
Number of asset objects unloaded after import = 6
========================================================================
Received Import Request.
  Time since last request: 2.223750 seconds.
  path: Assets/Simple Modular Dungeon/Prefabs/Particle Systems/Fire Prefab/Fire_Base_Parent.prefab
  artifactKey: Guid(f62b31a3464faf14f934e38f9ee55eba) Importer(815301076,1909f56bfc062723c751e8b465ee728b)
Start importing Assets/Simple Modular Dungeon/Prefabs/Particle Systems/Fire Prefab/Fire_Base_Parent.prefab using Guid(f62b31a3464faf14f934e38f9ee55eba) Importer(815301076,1909f56bfc062723c751e8b465ee728b)  -> (artifact id: '538fb1237aabc7273b407d1c559126b7') in 0.055524 seconds
Number of updated asset objects reloaded before import = 0
Number of asset objects unloaded after import = 24
========================================================================
Received Import Request.
  Time since last request: 60.878151 seconds.
  path: Assets/Simple Modular Dungeon/Prefabs/Walls/Doorways
  artifactKey: Guid(8e2d5b6d7d920564996be08e37d7d1b4) Importer(815301076,1909f56bfc062723c751e8b465ee728b)
Start importing Assets/Simple Modular Dungeon/Prefabs/Walls/Doorways using Guid(8e2d5b6d7d920564996be08e37d7d1b4) Importer(815301076,1909f56bfc062723c751e8b465ee728b)  -> (artifact id: 'ea33d3a869fdc4e59cd07f1baa3624b7') in 0.000587 seconds
Number of updated asset objects reloaded before import = 0
Number of asset objects unloaded after import = 0
========================================================================
Received Import Request.
  Time since last request: 0.173562 seconds.
  path: Assets/Simple Modular Dungeon/Prefabs/Walls/Doorways/Doorway Parent 001.prefab
  artifactKey: Guid(7dbe890dfe7a4f34d97f9af2a172b459) Importer(815301076,1909f56bfc062723c751e8b465ee728b)
Start importing Assets/Simple Modular Dungeon/Prefabs/Walls/Doorways/Doorway Parent 001.prefab using Guid(7dbe890dfe7a4f34d97f9af2a172b459) Importer(815301076,1909f56bfc062723c751e8b465ee728b)  -> (artifact id: '8620c6fc3973c9559e97e63957ef7bd5') in 0.033037 seconds
Number of updated asset objects reloaded before import = 0
Number of asset objects unloaded after import = 24
========================================================================
Received Import Request.
  Time since last request: 0.000016 seconds.
  path: Assets/Simple Modular Dungeon/Prefabs/Walls/Doorways/Gated Doorway Parent 002.prefab
  artifactKey: Guid(984aac39b6b54c941b055c909efdad97) Importer(815301076,1909f56bfc062723c751e8b465ee728b)
Start importing Assets/Simple Modular Dungeon/Prefabs/Walls/Doorways/Gated Doorway Parent 002.prefab using Guid(984aac39b6b54c941b055c909efdad97) Importer(815301076,1909f56bfc062723c751e8b465ee728b)  -> (artifact id: 'b53b20d2b4a0592ad5e65f5c7474936d') in 0.033504 seconds
Number of updated asset objects reloaded before import = 0
Number of asset objects unloaded after import = 29
========================================================================
Received Import Request.
  Time since last request: 0.000016 seconds.
  path: Assets/Simple Modular Dungeon/Prefabs/Walls/Doorways/Doorway Parent 004.prefab
  artifactKey: Guid(1d382ec8f6faa7f4b82a000b5f0fd66c) Importer(815301076,1909f56bfc062723c751e8b465ee728b)
Start importing Assets/Simple Modular Dungeon/Prefabs/Walls/Doorways/Doorway Parent 004.prefab using Guid(1d382ec8f6faa7f4b82a000b5f0fd66c) Importer(815301076,1909f56bfc062723c751e8b465ee728b)  -> (artifact id: 'c5611fc2d18ee5d8ccbc36624f0b7517') in 0.035909 seconds
Number of updated asset objects reloaded before import = 0
Number of asset objects unloaded after import = 34
========================================================================
Received Import Request.
  Time since last request: 0.000022 seconds.
  path: Assets/Simple Modular Dungeon/Prefabs/Walls/Doorways/Doorway Parent 005.prefab
  artifactKey: Guid(ff52fd7bad4fc4b4d95ae4daa47a4fd0) Importer(815301076,1909f56bfc062723c751e8b465ee728b)
Start importing Assets/Simple Modular Dungeon/Prefabs/Walls/Doorways/Doorway Parent 005.prefab using Guid(ff52fd7bad4fc4b4d95ae4daa47a4fd0) Importer(815301076,1909f56bfc062723c751e8b465ee728b)  -> (artifact id: 'f2c0f561eb1005cb5cb5435c75e46921') in 0.033674 seconds
Number of updated asset objects reloaded before import = 0
Number of asset objects unloaded after import = 34
========================================================================
Received Import Request.
  Time since last request: 0.000019 seconds.
  path: Assets/Simple Modular Dungeon/Prefabs/Walls/Doorways/Gated Doorway Parent 001.prefab
  artifactKey: Guid(7886c724c2a633b4797310c5db34cc02) Importer(815301076,1909f56bfc062723c751e8b465ee728b)
Start importing Assets/Simple Modular Dungeon/Prefabs/Walls/Doorways/Gated Doorway Parent 001.prefab using Guid(7886c724c2a633b4797310c5db34cc02) Importer(815301076,1909f56bfc062723c751e8b465ee728b)  -> (artifact id: 'ffbdc8a23a91413e24683781cab86857') in 0.031904 seconds
Number of updated asset objects reloaded before import = 0
Number of asset objects unloaded after import = 30
========================================================================
Received Import Request.
  Time since last request: 1.223977 seconds.
  path: Assets/Simple Modular Dungeon/Prefabs/Walls/Walls/Wall Parent 001.prefab
  artifactKey: Guid(7a9c2872915ad414e83307c9864abb76) Importer(815301076,1909f56bfc062723c751e8b465ee728b)
Start importing Assets/Simple Modular Dungeon/Prefabs/Walls/Walls/Wall Parent 001.prefab using Guid(7a9c2872915ad414e83307c9864abb76) Importer(815301076,1909f56bfc062723c751e8b465ee728b)  -> (artifact id: '05dcdd225a8d36a3ed2ebe6b63db3ba1') in 0.021339 seconds
Number of updated asset objects reloaded before import = 0
Number of asset objects unloaded after import = 23
========================================================================
Received Import Request.
  Time since last request: 0.000015 seconds.
  path: Assets/Simple Modular Dungeon/Prefabs/Walls/Walls/Wall Parent 007.prefab
  artifactKey: Guid(57b9a02f491aa734b8ea09834c302303) Importer(815301076,1909f56bfc062723c751e8b465ee728b)
Start importing Assets/Simple Modular Dungeon/Prefabs/Walls/Walls/Wall Parent 007.prefab using Guid(57b9a02f491aa734b8ea09834c302303) Importer(815301076,1909f56bfc062723c751e8b465ee728b)  -> (artifact id: '60deb9f1b39386d0d3ece2e6e26e37bc') in 0.021596 seconds
Number of updated asset objects reloaded before import = 0
Number of asset objects unloaded after import = 24
========================================================================
Received Import Request.
  Time since last request: 4765.989181 seconds.
  path: Assets/Simple Modular Dungeon/Prefabs/Light Sources/Candelabra Parent 001.prefab
  artifactKey: Guid(f788699e56a01e64ebc9590bf70346c7) Importer(815301076,1909f56bfc062723c751e8b465ee728b)
Start importing Assets/Simple Modular Dungeon/Prefabs/Light Sources/Candelabra Parent 001.prefab using Guid(f788699e56a01e64ebc9590bf70346c7) Importer(815301076,1909f56bfc062723c751e8b465ee728b)  -> (artifact id: 'eef023af1f336b22e43a14d9b12cbad2') in 0.499700 seconds
Number of updated asset objects reloaded before import = 0
Number of asset objects unloaded after import = 564
Editor requested this worker to shutdown with reason: Scaling down because of idle timeout
TcpMessagingSession - receive error: operation aborted. errorcode: 995, details: Bir iþ parçacýðý çýkýþý veya bir uygulama isteði nedeniyle G/Ç iþlemi iptal edildi.
AssetImportWorker is now disconnected from the server
Process exiting
Exiting without the bug reporter. Application will terminate with return code 0