Using pre-set license
Built from '2022.3/staging' branch; Version is '2022.3.16f1 (d2c21f0ef2f1) revision 13812255'; Using compiler version '192829333'; Build Type 'Release'
OS: 'Windows 11  (10.0.22621) 64bit Professional' Language: 'tr' Physical Memory: 32454 MB
BatchMode: 1, IsHumanControllingUs: 0, StartBugReporterOnCrash: 0, Is64bit: 1, IsPro: 1

COMMAND LINE ARGUMENTS:
C:\Program Files\Unity\Hub\Editor\2022.3.16f1\Editor\Unity.exe
-adb2
-batchMode
-noUpm
-name
AssetImportWorker2
-projectPath
C:/Users/fatih_o5pu0lo/Desktop/Uretken_Akademi_Unity/Unity-Egitim1/My project
-logFile
Logs/AssetImportWorker2.log
-srvPort
53177
Successfully changed project path to: C:/Users/fatih_o5pu0lo/Desktop/Uretken_Akademi_Unity/Unity-Egitim1/My project
C:/Users/fatih_o5pu0lo/Desktop/Uretken_Akademi_Unity/Unity-Egitim1/My project
[UnityMemory] Configuration Parameters - Can be set up in boot.config
    "memorysetup-bucket-allocator-granularity=16"
    "memorysetup-bucket-allocator-bucket-count=8"
    "memorysetup-bucket-allocator-block-size=33554432"
    "memorysetup-bucket-allocator-block-count=8"
    "memorysetup-main-allocator-block-size=16777216"
    "memorysetup-thread-allocator-block-size=16777216"
    "memorysetup-gfx-main-allocator-block-size=16777216"
    "memorysetup-gfx-thread-allocator-block-size=16777216"
    "memorysetup-cache-allocator-block-size=4194304"
    "memorysetup-typetree-allocator-block-size=2097152"
    "memorysetup-profiler-bucket-allocator-granularity=16"
    "memorysetup-profiler-bucket-allocator-bucket-count=8"
    "memorysetup-profiler-bucket-allocator-block-size=33554432"
    "memorysetup-profiler-bucket-allocator-block-count=8"
    "memorysetup-profiler-allocator-block-size=16777216"
    "memorysetup-profiler-editor-allocator-block-size=1048576"
    "memorysetup-temp-allocator-size-main=16777216"
    "memorysetup-job-temp-allocator-block-size=2097152"
    "memorysetup-job-temp-allocator-block-size-background=1048576"
    "memorysetup-job-temp-allocator-reduction-small-platforms=262144"
    "memorysetup-allocator-temp-initial-block-size-main=262144"
    "memorysetup-allocator-temp-initial-block-size-worker=262144"
    "memorysetup-temp-allocator-size-background-worker=32768"
    "memorysetup-temp-allocator-size-job-worker=262144"
    "memorysetup-temp-allocator-size-preload-manager=33554432"
    "memorysetup-temp-allocator-size-nav-mesh-worker=65536"
    "memorysetup-temp-allocator-size-audio-worker=65536"
    "memorysetup-temp-allocator-size-cloud-worker=32768"
    "memorysetup-temp-allocator-size-gi-baking-worker=262144"
    "memorysetup-temp-allocator-size-gfx=262144"
Player connection [1992] Host "[IP] 192.168.1.50 [Port] 0 [Flags] 2 [Guid] 2269655403 [EditorId] 2269655403 [Version] 1048832 [Id] WindowsEditor(7,Fatih) [Debug] 1 [PackageName] WindowsEditor [ProjectName] Editor" joined multi-casting on [225.0.0.222:54997]...

Player connection [1992] Host "[IP] 192.168.1.50 [Port] 0 [Flags] 2 [Guid] 2269655403 [EditorId] 2269655403 [Version] 1048832 [Id] WindowsEditor(7,Fatih) [Debug] 1 [PackageName] WindowsEditor [ProjectName] Editor" joined alternative multi-casting on [225.0.0.222:34997]...

[Physics::Module] Initialized MultithreadedJobDispatcher with 19 workers.
Refreshing native plugins compatible for Editor in 4.67 ms, found 3 plugins.
Preloading 0 native plugins for Editor in 0.00 ms.
Initialize engine version: 2022.3.16f1 (d2c21f0ef2f1)
[Subsystems] Discovering subsystems at path C:/Program Files/Unity/Hub/Editor/2022.3.16f1/Editor/Data/Resources/UnitySubsystems
[Subsystems] Discovering subsystems at path C:/Users/fatih_o5pu0lo/Desktop/Uretken_Akademi_Unity/Unity-Egitim1/My project/Assets
GfxDevice: creating device client; threaded=0; jobified=0
Direct3D:
    Version:  Direct3D 11.0 [level 11.1]
    Renderer: NVIDIA GeForce RTX 4060 Laptop GPU (ID=0x28a0)
    Vendor:   NVIDIA
    VRAM:     7971 MB
    Driver:   31.0.15.2758
Initialize mono
Mono path[0] = 'C:/Program Files/Unity/Hub/Editor/2022.3.16f1/Editor/Data/Managed'
Mono path[1] = 'C:/Program Files/Unity/Hub/Editor/2022.3.16f1/Editor/Data/MonoBleedingEdge/lib/mono/unityjit-win32'
Mono config path = 'C:/Program Files/Unity/Hub/Editor/2022.3.16f1/Editor/Data/MonoBleedingEdge/etc'
Using monoOptions --debugger-agent=transport=dt_socket,embedding=1,server=y,suspend=n,address=127.0.0.1:56988
Begin MonoManager ReloadAssembly
Registering precompiled unity dll's ...
Register platform support module: C:/Program Files/Unity/Hub/Editor/2022.3.16f1/Editor/Data/PlaybackEngines/WebGLSupport/UnityEditor.WebGL.Extensions.dll
Register platform support module: C:/Program Files/Unity/Hub/Editor/2022.3.16f1/Editor/Data/PlaybackEngines/AndroidPlayer/UnityEditor.Android.Extensions.dll
Register platform support module: C:/Program Files/Unity/Hub/Editor/2022.3.16f1/Editor/Data/PlaybackEngines/WindowsStandaloneSupport/UnityEditor.WindowsStandalone.Extensions.dll
Registered in 0.007605 seconds.
- Loaded All Assemblies, in  0.283 seconds
Native extension for WindowsStandalone target not found
Native extension for Android target not found
Android Extension - Scanning For ADB Devices 230 ms
Native extension for WebGL target not found
Mono: successfully reloaded assembly
- Finished resetting the current domain, in  0.490 seconds
Domain Reload Profiling: 773ms
	BeginReloadAssembly (83ms)
		ExecutionOrderSort (0ms)
		DisableScriptedObjects (0ms)
		BackupInstance (0ms)
		ReleaseScriptingObjects (0ms)
		CreateAndSetChildDomain (1ms)
	RebuildCommonClasses (27ms)
	RebuildNativeTypeToScriptingClass (8ms)
	initialDomainReloadingComplete (50ms)
	LoadAllAssembliesAndSetupDomain (114ms)
		LoadAssemblies (83ms)
		RebuildTransferFunctionScriptingTraits (0ms)
		AnalyzeDomain (112ms)
			TypeCache.Refresh (111ms)
				TypeCache.ScanAssembly (100ms)
			ScanForSourceGeneratedMonoScriptInfo (0ms)
			ResolveRequiredComponents (0ms)
	FinalizeReload (491ms)
		ReleaseScriptCaches (0ms)
		RebuildScriptCaches (0ms)
		SetupLoadedEditorAssemblies (442ms)
			LogAssemblyErrors (0ms)
			InitializePlatformSupportModulesInManaged (315ms)
			SetLoadedEditorAssemblies (3ms)
			RefreshPlugins (0ms)
			BeforeProcessingInitializeOnLoad (2ms)
			ProcessInitializeOnLoadAttributes (88ms)
			ProcessInitializeOnLoadMethodAttributes (34ms)
			AfterProcessingInitializeOnLoad (0ms)
			EditorAssembliesLoaded (0ms)
		ExecutionOrderSort2 (0ms)
		AwakeInstancesAfterBackupRestoration (0ms)
========================================================================
Worker process is ready to serve import requests
Begin MonoManager ReloadAssembly
- Loaded All Assemblies, in  0.468 seconds
Refreshing native plugins compatible for Editor in 1.72 ms, found 3 plugins.
Native extension for WindowsStandalone target not found
Native extension for Android target not found
Native extension for WebGL target not found
Package Manager log level set to [2]
[Package Manager] Server::EnsureServerProcessIsRunning -- launch failed, reason: Unity was launched with the -noUpm command-line argument
[Package Manager] UpmClient::Send -- Unable to send message (not connected to UPM process).
[Package Manager] Cannot connect to Unity Package Manager local server
Mono: successfully reloaded assembly
- Finished resetting the current domain, in  0.438 seconds
Domain Reload Profiling: 905ms
	BeginReloadAssembly (113ms)
		ExecutionOrderSort (0ms)
		DisableScriptedObjects (4ms)
		BackupInstance (0ms)
		ReleaseScriptingObjects (0ms)
		CreateAndSetChildDomain (17ms)
	RebuildCommonClasses (26ms)
	RebuildNativeTypeToScriptingClass (8ms)
	initialDomainReloadingComplete (30ms)
	LoadAllAssembliesAndSetupDomain (289ms)
		LoadAssemblies (221ms)
		RebuildTransferFunctionScriptingTraits (0ms)
		AnalyzeDomain (134ms)
			TypeCache.Refresh (119ms)
				TypeCache.ScanAssembly (107ms)
			ScanForSourceGeneratedMonoScriptInfo (11ms)
			ResolveRequiredComponents (3ms)
	FinalizeReload (438ms)
		ReleaseScriptCaches (0ms)
		RebuildScriptCaches (0ms)
		SetupLoadedEditorAssemblies (321ms)
			LogAssemblyErrors (0ms)
			InitializePlatformSupportModulesInManaged (20ms)
			SetLoadedEditorAssemblies (5ms)
			RefreshPlugins (0ms)
			BeforeProcessingInitializeOnLoad (45ms)
			ProcessInitializeOnLoadAttributes (233ms)
			ProcessInitializeOnLoadMethodAttributes (15ms)
			AfterProcessingInitializeOnLoad (4ms)
			EditorAssembliesLoaded (0ms)
		ExecutionOrderSort2 (0ms)
		AwakeInstancesAfterBackupRestoration (6ms)
Launched and connected shader compiler UnityShaderCompiler.exe after 0.05 seconds
Refreshing native plugins compatible for Editor in 1.69 ms, found 3 plugins.
Preloading 0 native plugins for Editor in 0.00 ms.
Unloading 3085 Unused Serialized files (Serialized files now loaded: 0)
Unloading 32 unused Assets / (58.3 KB). Loaded Objects now: 3550.
Memory consumption went from 129.6 MB to 129.5 MB.
Total: 2.595300 ms (FindLiveObjects: 0.174600 ms CreateObjectMapping: 0.086600 ms MarkObjects: 2.232200 ms  DeleteObjects: 0.100000 ms)

AssetImportParameters requested are different than current active one (requested -> active):
  custom:container-demuxer-ogg: 62fdf1f143b41e24485cea50d1cbac27 -> 
  custom:video-codec-MediaFoundation-h265: 746d11721c4dcdbdad8f713fa42b33f4 -> 
  custom:video-decoder-ogg-theora: a1e56fd34408186e4bbccfd4996cb3dc -> 
  custom:framework-win-MediaFoundation: 216162199b28c13a410421893ffa2e32 -> 
  custom:CustomObjectIndexerAttribute: 43b350a4d6e6d1791af0b5038c4bea17 -> 
  custom:container-demuxer-webm: 4f35f7cbe854078d1ac9338744f61a02 -> 
  custom:container-muxer-webm: aa71ff27fc2769a1b78a27578f13a17b -> 
  custom:video-decoder-webm-vp8: 9c59270c3fd7afecdb556c50c9e8de78 -> 
  custom:SearchIndexIgnoredProperties: e643bd26f0fe6173181afceb89e7c659 -> 
  custom:AudioImporter_EditorPlatform: d09bf68614088b80899f8185d706f6e7 -> 
  custom:video-encoder-webm-vp8: eb34c28f22e8b96e1ab97ce403110664 -> 
  custom:audio-decoder-ogg-vorbis: bf7c407c2cedff20999df2af8eb42d56 -> 
  custom:audio-encoder-webm-vorbis: bf7c407c2cedff20999df2af8eb42d56 -> 
========================================================================
Received Import Request.
  Time since last request: 70691.296954 seconds.
  path: Assets/Sci-Fi Styled Modular Pack/Prefabs/Windows/Complete Windows/window_big_blocker.prefab
  artifactKey: Guid(32234a5734d32f644adeeabac5c5b8ed) Importer(815301076,1909f56bfc062723c751e8b465ee728b)
Start importing Assets/Sci-Fi Styled Modular Pack/Prefabs/Windows/Complete Windows/window_big_blocker.prefab using Guid(32234a5734d32f644adeeabac5c5b8ed) Importer(815301076,1909f56bfc062723c751e8b465ee728b)  -> (artifact id: '19776bfa1c16eb02188cb89711e99b54') in 0.267843 seconds
Number of updated asset objects reloaded before import = 0
Number of asset objects unloaded after import = 43
========================================================================
Received Import Request.
  Time since last request: 0.000029 seconds.
  path: Assets/Sci-Fi Styled Modular Pack/Prefabs/Windows/Complete Windows/window_big_corner_far.prefab
  artifactKey: Guid(b49fb96050ea0ad4790b0f550fb5f1c6) Importer(815301076,1909f56bfc062723c751e8b465ee728b)
Start importing Assets/Sci-Fi Styled Modular Pack/Prefabs/Windows/Complete Windows/window_big_corner_far.prefab using Guid(b49fb96050ea0ad4790b0f550fb5f1c6) Importer(815301076,1909f56bfc062723c751e8b465ee728b)  -> (artifact id: '0b3c986beb7d5f7f31f05f04403bbe4e') in 0.045519 seconds
Number of updated asset objects reloaded before import = 0
Number of asset objects unloaded after import = 28
========================================================================
Received Import Request.
  Time since last request: 267.291512 seconds.
  path: Assets/Furniture_FREE/Scenes
  artifactKey: Guid(4f8f88d71fb227947a22b6e9afc900ba) Importer(815301076,1909f56bfc062723c751e8b465ee728b)
Start importing Assets/Furniture_FREE/Scenes using Guid(4f8f88d71fb227947a22b6e9afc900ba) Importer(815301076,1909f56bfc062723c751e8b465ee728b)  -> (artifact id: 'bc99bac94b63c2f471f2c9550edde4f5') in 0.000802 seconds
Number of updated asset objects reloaded before import = 0
Number of asset objects unloaded after import = 0
========================================================================
Received Import Request.
  Time since last request: 0.592802 seconds.
  path: Assets/Furniture_FREE/Prefabs
  artifactKey: Guid(fc573549ba0374d4b965ffdece19e96d) Importer(815301076,1909f56bfc062723c751e8b465ee728b)
Start importing Assets/Furniture_FREE/Prefabs using Guid(fc573549ba0374d4b965ffdece19e96d) Importer(815301076,1909f56bfc062723c751e8b465ee728b)  -> (artifact id: 'dc180a7d12c047b5a950f86c06057d26') in 0.000602 seconds
Number of updated asset objects reloaded before import = 0
Number of asset objects unloaded after import = 0
========================================================================
Received Import Request.
  Time since last request: 6.549138 seconds.
  path: Assets/Sci-Fi Styled Modular Pack/Prefabs
  artifactKey: Guid(a54965f822af06343a5ffdf446f11783) Importer(815301076,1909f56bfc062723c751e8b465ee728b)
Start importing Assets/Sci-Fi Styled Modular Pack/Prefabs using Guid(a54965f822af06343a5ffdf446f11783) Importer(815301076,1909f56bfc062723c751e8b465ee728b)  -> (artifact id: 'f96c8c86d0f1b555bc3b8327ec927cb2') in 0.000541 seconds
Number of updated asset objects reloaded before import = 0
Number of asset objects unloaded after import = 0
========================================================================
Received Import Request.
  Time since last request: 10.998885 seconds.
  path: Assets/Simple Modular Dungeon/Prefabs
  artifactKey: Guid(ed32d3c109b31c14ba832c65f9451cd4) Importer(815301076,1909f56bfc062723c751e8b465ee728b)
Start importing Assets/Simple Modular Dungeon/Prefabs using Guid(ed32d3c109b31c14ba832c65f9451cd4) Importer(815301076,1909f56bfc062723c751e8b465ee728b)  -> (artifact id: '2e9b535b060a14c98dfe1e963f8110b7') in 0.000875 seconds
Number of updated asset objects reloaded before import = 0
Number of asset objects unloaded after import = 0
========================================================================
Received Import Request.
  Time since last request: 3.397377 seconds.
  path: Assets/Simple Modular Dungeon/Prefabs/Floors & Stair
  artifactKey: Guid(caa90b8d7ecb9b94e9126900439366c7) Importer(815301076,1909f56bfc062723c751e8b465ee728b)
Start importing Assets/Simple Modular Dungeon/Prefabs/Floors & Stair using Guid(caa90b8d7ecb9b94e9126900439366c7) Importer(815301076,1909f56bfc062723c751e8b465ee728b)  -> (artifact id: '18832dd4a8e317b11baec9cb9a59f96b') in 0.000427 seconds
Number of updated asset objects reloaded before import = 0
Number of asset objects unloaded after import = 0
========================================================================
Received Import Request.
  Time since last request: 0.055407 seconds.
  path: Assets/Simple Modular Dungeon/Prefabs/Floors & Stair/Floor Rock Parent 001 .prefab
  artifactKey: Guid(46213ca8f32bf1142a1a90d5a66e459d) Importer(815301076,1909f56bfc062723c751e8b465ee728b)
Start importing Assets/Simple Modular Dungeon/Prefabs/Floors & Stair/Floor Rock Parent 001 .prefab using Guid(46213ca8f32bf1142a1a90d5a66e459d) Importer(815301076,1909f56bfc062723c751e8b465ee728b)  -> (artifact id: '91e649325ac4ea7c665ba610202f49b4') in 0.216039 seconds
Number of updated asset objects reloaded before import = 0
Number of asset objects unloaded after import = 21
========================================================================
Received Import Request.
  Time since last request: 0.000017 seconds.
  path: Assets/Simple Modular Dungeon/Prefabs/Floors & Stair/Floor Rock Parent 003.prefab
  artifactKey: Guid(3891422441a4c0e4a9e08e3ebdb20727) Importer(815301076,1909f56bfc062723c751e8b465ee728b)
Start importing Assets/Simple Modular Dungeon/Prefabs/Floors & Stair/Floor Rock Parent 003.prefab using Guid(3891422441a4c0e4a9e08e3ebdb20727) Importer(815301076,1909f56bfc062723c751e8b465ee728b)  -> (artifact id: 'd750cd11077abe311323858f9db696c2') in 0.023306 seconds
Number of updated asset objects reloaded before import = 0
Number of asset objects unloaded after import = 22
========================================================================
Received Import Request.
  Time since last request: 1144.087187 seconds.
  path: Assets/Simple Modular Dungeon/Prefabs/Arch & Pillars/Arch Parent 002.prefab
  artifactKey: Guid(b240f2d1a1a2f334f81f4017fe004a7f) Importer(815301076,1909f56bfc062723c751e8b465ee728b)
Start importing Assets/Simple Modular Dungeon/Prefabs/Arch & Pillars/Arch Parent 002.prefab using Guid(b240f2d1a1a2f334f81f4017fe004a7f) Importer(815301076,1909f56bfc062723c751e8b465ee728b)  -> (artifact id: 'a1d4a5293d6cfaf9076ccc1ca9bb1179') in 0.023829 seconds
Number of updated asset objects reloaded before import = 0
Number of asset objects unloaded after import = 18
========================================================================
Received Import Request.
  Time since last request: 0.000031 seconds.
  path: Assets/Simple Modular Dungeon/Prefabs/Arch & Pillars/Pillar Parent 002.prefab
  artifactKey: Guid(8bae6435dc12dd544bb07fd73f9aaea8) Importer(815301076,1909f56bfc062723c751e8b465ee728b)
Start importing Assets/Simple Modular Dungeon/Prefabs/Arch & Pillars/Pillar Parent 002.prefab using Guid(8bae6435dc12dd544bb07fd73f9aaea8) Importer(815301076,1909f56bfc062723c751e8b465ee728b)  -> (artifact id: '1a4f4d098c379ab2d0dad742df58085e') in 0.022496 seconds
Number of updated asset objects reloaded before import = 0
Number of asset objects unloaded after import = 22
========================================================================
Received Import Request.
  Time since last request: 0.000023 seconds.
  path: Assets/Simple Modular Dungeon/Prefabs/Arch & Pillars/Pillar Parent 003.prefab
  artifactKey: Guid(3d8c114f6e9c83e4ca04a6782f008b1b) Importer(815301076,1909f56bfc062723c751e8b465ee728b)
Start importing Assets/Simple Modular Dungeon/Prefabs/Arch & Pillars/Pillar Parent 003.prefab using Guid(3d8c114f6e9c83e4ca04a6782f008b1b) Importer(815301076,1909f56bfc062723c751e8b465ee728b)  -> (artifact id: '7b9b894649b41df6b8d7b072357fd0a4') in 0.023750 seconds
Number of updated asset objects reloaded before import = 0
Number of asset objects unloaded after import = 22
========================================================================
Received Import Request.
  Time since last request: 0.000019 seconds.
  path: Assets/Simple Modular Dungeon/Prefabs/Arch & Pillars/Pillar Parent 001.prefab
  artifactKey: Guid(77c8c1c2c662d3c41aad2278a254fde0) Importer(815301076,1909f56bfc062723c751e8b465ee728b)
Start importing Assets/Simple Modular Dungeon/Prefabs/Arch & Pillars/Pillar Parent 001.prefab using Guid(77c8c1c2c662d3c41aad2278a254fde0) Importer(815301076,1909f56bfc062723c751e8b465ee728b)  -> (artifact id: 'b22f5a6eabc6a3a3784bc25147e88633') in 0.019827 seconds
Number of updated asset objects reloaded before import = 0
Number of asset objects unloaded after import = 22
========================================================================
Received Import Request.
  Time since last request: 27.706713 seconds.
  path: Assets/Simple Modular Dungeon/Prefabs/Props/Bookshelf Parent 001.prefab
  artifactKey: Guid(1790f2f3c6fdb3c4286a5c5f5cef70f9) Importer(815301076,1909f56bfc062723c751e8b465ee728b)
Start importing Assets/Simple Modular Dungeon/Prefabs/Props/Bookshelf Parent 001.prefab using Guid(1790f2f3c6fdb3c4286a5c5f5cef70f9) Importer(815301076,1909f56bfc062723c751e8b465ee728b)  -> (artifact id: '40054acf9b594e42477ffbf5cdad4fd1') in 0.092097 seconds
Number of updated asset objects reloaded before import = 0
Number of asset objects unloaded after import = 508
========================================================================
Received Import Request.
  Time since last request: 0.000017 seconds.
  path: Assets/Simple Modular Dungeon/Prefabs/Props/Podium Parent 001.prefab
  artifactKey: Guid(c2286f67497ea024eb78b44a5dac2a0e) Importer(815301076,1909f56bfc062723c751e8b465ee728b)
Start importing Assets/Simple Modular Dungeon/Prefabs/Props/Podium Parent 001.prefab using Guid(c2286f67497ea024eb78b44a5dac2a0e) Importer(815301076,1909f56bfc062723c751e8b465ee728b)  -> (artifact id: '48412bbfaef04ad2e30e6c72e673c669') in 0.019267 seconds
Number of updated asset objects reloaded before import = 0
Number of asset objects unloaded after import = 16
========================================================================
Received Import Request.
  Time since last request: 0.000027 seconds.
  path: Assets/Simple Modular Dungeon/Prefabs/Props/Chest Parent 001.prefab
  artifactKey: Guid(d2b67af396bfa6940a00740de263da1e) Importer(815301076,1909f56bfc062723c751e8b465ee728b)
Start importing Assets/Simple Modular Dungeon/Prefabs/Props/Chest Parent 001.prefab using Guid(d2b67af396bfa6940a00740de263da1e) Importer(815301076,1909f56bfc062723c751e8b465ee728b)  -> (artifact id: 'ce078afc56612ef51cc1e9c225fd1c8b') in 0.036900 seconds
Number of updated asset objects reloaded before import = 0
Number of asset objects unloaded after import = 22
========================================================================
Received Import Request.
  Time since last request: 0.000022 seconds.
  path: Assets/Simple Modular Dungeon/Prefabs/Props/Small Crate Parent 001.prefab
  artifactKey: Guid(37be96c9356cdec4cbea554e8db1fd75) Importer(815301076,1909f56bfc062723c751e8b465ee728b)
Start importing Assets/Simple Modular Dungeon/Prefabs/Props/Small Crate Parent 001.prefab using Guid(37be96c9356cdec4cbea554e8db1fd75) Importer(815301076,1909f56bfc062723c751e8b465ee728b)  -> (artifact id: '5fada4aeff769a1d52e006644e4303ea') in 0.019369 seconds
Number of updated asset objects reloaded before import = 0
Number of asset objects unloaded after import = 16
========================================================================
Received Import Request.
  Time since last request: 0.000018 seconds.
  path: Assets/Simple Modular Dungeon/Prefabs/Props/Podium Parent 003.prefab
  artifactKey: Guid(729deec6e080cfa469aea735d7c78644) Importer(815301076,1909f56bfc062723c751e8b465ee728b)
Start importing Assets/Simple Modular Dungeon/Prefabs/Props/Podium Parent 003.prefab using Guid(729deec6e080cfa469aea735d7c78644) Importer(815301076,1909f56bfc062723c751e8b465ee728b)  -> (artifact id: 'e08c182f6bc332673c2211aa508f2cde') in 0.017680 seconds
Number of updated asset objects reloaded before import = 0
Number of asset objects unloaded after import = 16
========================================================================
Received Import Request.
  Time since last request: 0.000015 seconds.
  path: Assets/Simple Modular Dungeon/Prefabs/Props/Empty Bookshelf Parent 002.prefab
  artifactKey: Guid(ac318d8caf47c9b43aceedd1239acbef) Importer(815301076,1909f56bfc062723c751e8b465ee728b)
Start importing Assets/Simple Modular Dungeon/Prefabs/Props/Empty Bookshelf Parent 002.prefab using Guid(ac318d8caf47c9b43aceedd1239acbef) Importer(815301076,1909f56bfc062723c751e8b465ee728b)  -> (artifact id: '198f3418557036947afb30eb727a9f83') in 0.026897 seconds
Number of updated asset objects reloaded before import = 0
Number of asset objects unloaded after import = 16
Editor requested this worker to shutdown with reason: Scaling down because of idle timeout
TcpMessagingSession - receive error: operation aborted. errorcode: 995, details: Bir iþ parçacýðý çýkýþý veya bir uygulama isteði nedeniyle G/Ç iþlemi iptal edildi.
AssetImportWorker is now disconnected from the server
Process exiting
Exiting without the bug reporter. Application will terminate with return code 0